e:\项目\high-concurrency-pool\high-concurrency-pool\high-con.6279f0ae\x64\release\vc143.pdb
e:\项目\high-concurrency-pool\high-concurrency-pool\high-con.6279f0ae\x64\release\unittest.obj
e:\项目\high-concurrency-pool\high-concurrency-pool\high-con.6279f0ae\x64\release\threadcache.obj
e:\项目\high-concurrency-pool\high-concurrency-pool\high-con.6279f0ae\x64\release\pagecache.obj
e:\项目\high-concurrency-pool\high-concurrency-pool\high-con.6279f0ae\x64\release\object-pool.obj
e:\项目\high-concurrency-pool\high-concurrency-pool\high-con.6279f0ae\x64\release\fethfromcentralcache.obj
e:\项目\high-concurrency-pool\high-concurrency-pool\high-con.6279f0ae\x64\release\error.obj
e:\项目\high-concurrency-pool\high-concurrency-pool\high-con.6279f0ae\x64\release\centralcache.obj
e:\项目\high-concurrency-pool\high-concurrency-pool\x64\release\high-concurrency-pool.exe
e:\项目\high-concurrency-pool\high-concurrency-pool\x64\release\high-concurrency-pool.pdb
e:\项目\high-concurrency-pool\high-concurrency-pool\high-con.6279f0ae\x64\release\high-concurrency-pool.ipdb
e:\项目\high-concurrency-pool\high-concurrency-pool\high-con.6279f0ae\x64\release\high-concurrency-pool.iobj
e:\项目\high-concurrency-pool\high-concurrency-pool\high-con.6279f0ae\x64\release\high-con.6279f0ae.tlog\cl.command.1.tlog
e:\项目\high-concurrency-pool\high-concurrency-pool\high-con.6279f0ae\x64\release\high-con.6279f0ae.tlog\cl.items.tlog
e:\项目\high-concurrency-pool\high-concurrency-pool\high-con.6279f0ae\x64\release\high-con.6279f0ae.tlog\cl.read.1.tlog
e:\项目\high-concurrency-pool\high-concurrency-pool\high-con.6279f0ae\x64\release\high-con.6279f0ae.tlog\cl.write.1.tlog
e:\项目\high-concurrency-pool\high-concurrency-pool\high-con.6279f0ae\x64\release\high-con.6279f0ae.tlog\link.command.1.tlog
e:\项目\high-concurrency-pool\high-concurrency-pool\high-con.6279f0ae\x64\release\high-con.6279f0ae.tlog\link.read.1.tlog
e:\项目\high-concurrency-pool\high-concurrency-pool\high-con.6279f0ae\x64\release\high-con.6279f0ae.tlog\link.secondary.1.tlog
e:\项目\high-concurrency-pool\high-concurrency-pool\high-con.6279f0ae\x64\release\high-con.6279f0ae.tlog\link.write.1.tlog
