e:\项目\high-concurrency-pool\high-concurrency-pool\high-con.6279f0ae\x64\debug\vc143.pdb
e:\项目\high-concurrency-pool\high-concurrency-pool\high-con.6279f0ae\x64\debug\vc143.idb
e:\项目\high-concurrency-pool\high-concurrency-pool\high-con.6279f0ae\x64\debug\unittest.obj
e:\项目\high-concurrency-pool\high-concurrency-pool\high-con.6279f0ae\x64\debug\threadcache.obj
e:\项目\high-concurrency-pool\high-concurrency-pool\high-con.6279f0ae\x64\debug\pagecache.obj
e:\项目\high-concurrency-pool\high-concurrency-pool\high-con.6279f0ae\x64\debug\object-pool.obj
e:\项目\high-concurrency-pool\high-concurrency-pool\high-con.6279f0ae\x64\debug\fethfromcentralcache.obj
e:\项目\high-concurrency-pool\high-concurrency-pool\high-con.6279f0ae\x64\debug\error.obj
e:\项目\high-concurrency-pool\high-concurrency-pool\high-con.6279f0ae\x64\debug\centralcache.obj
e:\项目\high-concurrency-pool\high-concurrency-pool\x64\debug\high-concurrency-pool.exe
e:\项目\high-concurrency-pool\high-concurrency-pool\x64\debug\high-concurrency-pool.pdb
e:\项目\high-concurrency-pool\high-concurrency-pool\high-con.6279f0ae\x64\debug\high-concurrency-pool.ilk
e:\项目\high-concurrency-pool\high-concurrency-pool\high-con.6279f0ae\x64\debug\pagecache.obj.enc
e:\项目\high-concurrency-pool\high-concurrency-pool\high-con.6279f0ae\x64\debug\high-con.6279f0ae.tlog\cl.command.1.tlog
e:\项目\high-concurrency-pool\high-concurrency-pool\high-con.6279f0ae\x64\debug\high-con.6279f0ae.tlog\cl.items.tlog
e:\项目\high-concurrency-pool\high-concurrency-pool\high-con.6279f0ae\x64\debug\high-con.6279f0ae.tlog\cl.read.1.tlog
e:\项目\high-concurrency-pool\high-concurrency-pool\high-con.6279f0ae\x64\debug\high-con.6279f0ae.tlog\cl.write.1.tlog
e:\项目\high-concurrency-pool\high-concurrency-pool\high-con.6279f0ae\x64\debug\high-con.6279f0ae.tlog\link.command.1.tlog
e:\项目\high-concurrency-pool\high-concurrency-pool\high-con.6279f0ae\x64\debug\high-con.6279f0ae.tlog\link.read.1.tlog
e:\项目\high-concurrency-pool\high-concurrency-pool\high-con.6279f0ae\x64\debug\high-con.6279f0ae.tlog\link.secondary.1.tlog
e:\项目\high-concurrency-pool\high-concurrency-pool\high-con.6279f0ae\x64\debug\high-con.6279f0ae.tlog\link.write.1.tlog
